<?xml version="1.0" encoding="UTF-8"?>
<testsuite name="NPC.mangopot.MangopotApplicationTests" tests="1" skipped="0" failures="0" errors="0" timestamp="2022-12-29T12:01:22" hostname="DESKTOP-AVFCU0C" time="0.76">
  <properties/>
  <testcase name="contextLoads()" classname="NPC.mangopot.MangopotApplicationTests" time="0.76"/>
  <system-out><![CDATA[21:01:19.090 [Test worker] DEBUG org.springframework.boot.test.context.SpringBootTestContextBootstrapper - Neither @ContextConfiguration nor @ContextHierarchy found for test class [MangopotApplicationTests]: using SpringBootContextLoader
21:01:19.097 [Test worker] DEBUG org.springframework.test.context.support.AbstractContextLoader - Could not detect default resource locations for test class [NPC.mangopot.MangopotApplicationTests]: no resource found for suffixes {-context.xml, Context.groovy}.
21:01:19.098 [Test worker] INFO org.springframework.test.context.support.AnnotationConfigContextLoaderUtils - Could not detect default configuration classes for test class [NPC.mangopot.MangopotApplicationTests]: MangopotApplicationTests does not declare any static, non-private, non-final, nested classes annotated with @Configuration.
21:01:19.134 [Test worker] DEBUG org.springframework.boot.test.context.SpringBootTestContextBootstrapper - Using ContextCustomizers for test class [MangopotApplicationTests]: [DisableObservabilityContextCustomizer, PropertyMappingContextCustomizer, Customizer, ExcludeFilterContextCustomizer, DuplicateJsonObjectContextCustomizer, MockitoContextCustomizer, TestRestTemplateContextCustomizer]
21:01:19.248 [Test worker] DEBUG org.springframework.context.annotation.ClassPathScanningCandidateComponentProvider - Identified candidate component class: file [C:\Users\lim\Desktop\대학\2022 겨울방학\mangopot\mangopot\build\classes\java\main\NPC\mangopot\MangopotApplication.class]
21:01:19.251 [Test worker] INFO org.springframework.boot.test.context.SpringBootTestContextBootstrapper - Found @SpringBootConfiguration NPC.mangopot.MangopotApplication for test class NPC.mangopot.MangopotApplicationTests
21:01:19.429 [Test worker] DEBUG org.springframework.test.context.util.TestContextSpringFactoriesUtils - Skipping candidate TestExecutionListener [org.springframework.test.context.transaction.TransactionalTestExecutionListener] due to a missing dependency. Specify custom TestExecutionListener classes or make the default TestExecutionListener classes and their required dependencies available. Offending class: [org/springframework/transaction/interceptor/TransactionAttributeSource]
21:01:19.432 [Test worker] DEBUG org.springframework.test.context.util.TestContextSpringFactoriesUtils - Skipping candidate TestExecutionListener [org.springframework.test.context.jdbc.SqlScriptsTestExecutionListener] due to a missing dependency. Specify custom TestExecutionListener classes or make the default TestExecutionListener classes and their required dependencies available. Offending class: [org/springframework/transaction/interceptor/TransactionAttribute]
21:01:19.434 [Test worker] DEBUG org.springframework.boot.test.context.SpringBootTestContextBootstrapper - Using TestExecutionListeners for test class [MangopotApplicationTests]: [ServletTestExecutionListener, DirtiesContextBeforeModesTestExecutionListener, ApplicationEventsTestExecutionListener, MockitoTestExecutionListener, DependencyInjectionTestExecutionListener, DirtiesContextTestExecutionListener, EventPublishingTestExecutionListener, RestDocsTestExecutionListener, MockRestServiceServerResetTestExecutionListener, MockMvcPrintOnlyOnFailureTestExecutionListener, WebDriverTestExecutionListener, MockWebServiceServerTestExecutionListener, ResetMocksTestExecutionListener]
21:01:19.436 [Test worker] DEBUG org.springframework.test.context.support.AbstractDirtiesContextTestExecutionListener - Before test class: class [MangopotApplicationTests], class annotated with @DirtiesContext [false] with mode [null]

  .   ____          _            __ _ _
 /\\ / ___'_ __ _ _(_)_ __  __ _ \ \ \ \
( ( )\___ | '_ | '_| | '_ \/ _` | \ \ \ \
 \\/  ___)| |_)| | | | | || (_| |  ) ) ) )
  '  |____| .__|_| |_|_| |_\__, | / / / /
 =========|_|==============|___/=/_/_/_/
 :: Spring Boot ::                (v3.0.1)

2022-12-29T21:01:19.937+09:00  INFO 41076 --- [    Test worker] NPC.mangopot.MangopotApplicationTests    : Starting MangopotApplicationTests using Java 17.0.5 with PID 41076 (started by lim in C:\Users\lim\Desktop\대학\2022 겨울방학\mangopot\mangopot)
2022-12-29T21:01:19.940+09:00  INFO 41076 --- [    Test worker] NPC.mangopot.MangopotApplicationTests    : No active profile set, falling back to 1 default profile: "default"
2022-12-29T21:01:22.259+09:00  INFO 41076 --- [    Test worker] NPC.mangopot.MangopotApplicationTests    : Started MangopotApplicationTests in 2.735 seconds (process running for 4.699)
]]></system-out>
  <system-err><![CDATA[]]></system-err>
</testsuite>
